[2021-12-12 11:40:31.873] [exthost] [info] Extension host with pid 116768 started
[2021-12-12 11:40:31.925] [exthost] [info] ExtensionService#_doActivateExtension vscode.microsoft-authentication, startup: false, activationEvent: 'onAuthenticationRequest:microsoft'
[2021-12-12 11:40:31.966] [exthost] [info] ExtensionService#_doActivateExtension vscode.debug-auto-launch, startup: true, activationEvent: '*'
[2021-12-12 11:40:31.970] [exthost] [info] ExtensionService#_doActivateExtension vscode.git-base, startup: true, activationEvent: '*', root cause: vscode.github
[2021-12-12 11:40:32.014] [exthost] [info] ExtensionService#_doActivateExtension vscode.git, startup: true, activationEvent: '*'
[2021-12-12 11:40:32.086] [exthost] [info] ExtensionService#_doActivateExtension vscode.github, startup: true, activationEvent: '*'
[2021-12-12 11:40:32.146] [exthost] [info] Eager extensions activated
[2021-12-12 11:40:32.178] [exthost] [info] ExtensionService#_doActivateExtension vscode.emmet, startup: false, activationEvent: 'onStartupFinished'
[2021-12-12 11:40:32.196] [exthost] [info] ExtensionService#_doActivateExtension vscode.merge-conflict, startup: false, activationEvent: 'onStartupFinished'
[2021-12-12 11:40:32.201] [exthost] [info] ExtensionService#_doActivateExtension vscode.github-authentication, startup: false, activationEvent: 'onAuthenticationRequest:github'
[2021-12-12 11:40:57.569] [exthost] [info] ExtensionService#_doActivateExtension ms-vscode.cpptools, startup: false, activationEvent: '*'
[2021-12-12 11:41:10.426] [exthost] [info] ExtensionService#_doActivateExtension vscode.configuration-editing, startup: false, activationEvent: 'onLanguage:jsonc'
[2021-12-12 11:41:10.444] [exthost] [info] ExtensionService#_doActivateExtension vscode.json-language-features, startup: false, activationEvent: 'onLanguage:jsonc'
[2021-12-12 11:41:10.543] [exthost] [info] ExtensionService#_doActivateExtension vscode.typescript-language-features, startup: false, activationEvent: 'onLanguage:jsonc'
[2021-12-12 11:41:22.566] [exthost] [info] ExtensionService#_doActivateExtension ms-vscode-remote.remote-wsl, startup: false, activationEvent: 'onStartupFinished'
[2021-12-12 11:41:22.622] [exthost] [info] ExtensionService#_doActivateExtension ms-vscode-remote.remote-containers, startup: false, activationEvent: 'onStartupFinished'
[2021-12-12 12:01:11.071] [exthost] [info] ExtensionService#_doActivateExtension vscode.extension-editing, startup: false, activationEvent: 'onLanguage:json'
[2021-12-12 12:01:11.102] [exthost] [info] ExtensionService#_doActivateExtension vscode.npm, startup: false, activationEvent: 'onLanguage:json'
[2021-12-12 12:16:49.524] [exthost] [info] extension host terminating: renderer closed the socket
[2021-12-12 12:16:49.569] [exthost] [error] TypeError: Cannot read property 'timeTelemetryCollector' of undefined
	at Object.deactivate (/home/afif/.vscode/extensions/ms-vscode.cpptools-1.7.1/dist/main.js:49395:13)
	at Object.deactivate (/home/afif/.vscode/extensions/ms-vscode.cpptools-1.7.1/dist/main.js:54453:27)
	at v._deactivate (/opt/visual-studio-code/resources/app/out/vs/workbench/services/extensions/node/extensionHostProcess.js:100:11513)
	at /opt/visual-studio-code/resources/app/out/vs/workbench/services/extensions/node/extensionHostProcess.js:100:10061
	at Array.map (<anonymous>)
	at v.deactivateAll (/opt/visual-studio-code/resources/app/out/vs/workbench/services/extensions/node/extensionHostProcess.js:100:10049)
	at p.terminate (/opt/visual-studio-code/resources/app/out/vs/workbench/services/extensions/node/extensionHostProcess.js:104:735)
	at r (/opt/visual-studio-code/resources/app/out/vs/workbench/services/extensions/node/extensionHostProcess.js:114:36400)
	at Socket.<anonymous> (/opt/visual-studio-code/resources/app/out/vs/workbench/services/extensions/node/extensionHostProcess.js:114:34012)
	at Socket.emit (events.js:327:22)
	at Pipe.<anonymous> (net.js:673:12)
[2021-12-12 12:16:49.572] [exthost] [info] Extension host with pid 116768 exiting with code 0
